[0405/155235.024:ERROR:process_memory_win.cc(73)] ReadMemory at 0x16e8a660000 of 64 bytes failed: Only part of a ReadProcessMemory or WriteProcessMemory request was completed. (0x12B)
[0405/155235.025:WARNING:pe_image_reader.cc(340)] could not read dos header from C:\WINDOWS\System32\NSI.dll
[0405/155235.026:ERROR:process_memory_win.cc(73)] ReadMemory at 0x16e8ab438f0 of 72 bytes failed: Only part of a ReadProcessMemory or WriteProcessMemory request was completed. (0x12B)
[0405/155235.026:WARNING:pe_image_annotations_reader.cc(134)] could not read annotations list object in C:\Program Files (x86)\Google\Chrome\Application\80.0.3987.149\chrome_elf.dll
[0405/155235.026:ERROR:process_memory_win.cc(73)] ReadMemory at 0x16e8ab563a0 of 72 bytes failed: Only part of a ReadProcessMemory or WriteProcessMemory request was completed. (0x12B)
[0405/155235.031:WARNING:pe_image_annotations_reader.cc(134)] could not read annotations list object in C:\Program Files (x86)\Google\Chrome\Application\80.0.3987.149\chrome.dll
[0405/155235.031:ERROR:process_memory_win.cc(73)] ReadMemory at 0x7fff678b0000 of 64 bytes failed: Only part of a ReadProcessMemory or WriteProcessMemory request was completed. (0x12B)
[0405/155235.032:WARNING:pe_image_reader.cc(340)] could not read dos header from C:\WINDOWS\SYSTEM32\Secur32.dll
[0405/155235.032:ERROR:process_memory_win.cc(73)] ReadMemory at 0x7fff4c490000 of 64 bytes failed: Only part of a ReadProcessMemory or WriteProcessMemory request was completed. (0x12B)
[0405/155235.032:WARNING:pe_image_reader.cc(340)] could not read dos header from C:\WINDOWS\SYSTEM32\UIAutomationCore.DLL
[0405/155235.032:ERROR:process_memory_win.cc(73)] ReadMemory at 0x7fff52760000 of 64 bytes failed: Only part of a ReadProcessMemory or WriteProcessMemory request was completed. (0x12B)
[0405/155235.032:WARNING:pe_image_reader.cc(340)] could not read dos header from C:\WINDOWS\SYSTEM32\DWrite.dll
[0405/155235.032:ERROR:process_memory_win.cc(73)] ReadMemory at 0x7fff68130000 of 64 bytes failed: Only part of a ReadProcessMemory or WriteProcessMemory request was completed. (0x12B)
[0405/155235.032:WARNING:pe_image_reader.cc(340)] could not read dos header from C:\WINDOWS\SYSTEM32\WINSPOOL.DRV
[0405/155235.032:ERROR:process_memory_win.cc(73)] ReadMemory at 0x7fff7bfa0000 of 64 bytes failed: Only part of a ReadProcessMemory or WriteProcessMemory request was completed. (0x12B)
[0405/155235.032:WARNING:pe_image_reader.cc(340)] could not read dos header from C:\WINDOWS\System32\kernel.appcore.dll
[0405/155235.032:ERROR:process_memory_win.cc(73)] ReadMemory at 0x7fff72be0000 of 64 bytes failed: Only part of a ReadProcessMemory or WriteProcessMemory request was completed. (0x12B)
[0405/155235.032:WARNING:pe_image_reader.cc(340)] could not read dos header from C:\WINDOWS\SYSTEM32\dbghelp.dll
[0405/155235.032:ERROR:process_memory_win.cc(73)] ReadMemory at 0x7fff7a1e0000 of 64 bytes failed: Only part of a ReadProcessMemory or WriteProcessMemory request was completed. (0x12B)
[0405/155235.032:WARNING:pe_image_reader.cc(340)] could not read dos header from C:\WINDOWS\SYSTEM32\WINHTTP.dll
[0405/155235.033:ERROR:process_memory_win.cc(73)] ReadMemory at 0x7fff712b0000 of 64 bytes failed: Only part of a ReadProcessMemory or WriteProcessMemory request was completed. (0x12B)
[0405/155235.033:WARNING:pe_image_reader.cc(340)] could not read dos header from C:\WINDOWS\SYSTEM32\dhcpcsvc.DLL
[0405/155235.033:ERROR:process_memory_win.cc(73)] ReadMemory at 0x16e8a660000 of 64 bytes failed: Only part of a ReadProcessMemory or WriteProcessMemory request was completed. (0x12B)
[0405/155235.033:WARNING:pe_image_reader.cc(340)] could not read dos header from C:\WINDOWS\System32\NSI.dll
[0405/155235.033:ERROR:process_memory_win.cc(73)] ReadMemory at 0x7fff72de0000 of 64 bytes failed: Only part of a ReadProcessMemory or WriteProcessMemory request was completed. (0x12B)
[0405/155235.033:WARNING:pe_image_reader.cc(340)] could not read dos header from C:\WINDOWS\SYSTEM32\WINMMBASE.dll
[0405/155235.033:ERROR:process_memory_win.cc(73)] ReadMemory at 0x7fff7c250000 of 64 bytes failed: Only part of a ReadProcessMemory or WriteProcessMemory request was completed. (0x12B)
[0405/155235.033:WARNING:pe_image_reader.cc(340)] could not read dos header from C:\WINDOWS\System32\cfgmgr32.dll
[0405/155235.033:ERROR:process_memory_win.cc(73)] ReadMemory at 0x7fff780e0000 of 64 bytes failed: Only part of a ReadProcessMemory or WriteProcessMemory request was completed. (0x12B)
[0405/155235.033:WARNING:pe_image_reader.cc(340)] could not read dos header from C:\WINDOWS\SYSTEM32\PROPSYS.dll
[0405/155235.033:ERROR:process_memory_win.cc(73)] ReadMemory at 0x7fff7dd70000 of 64 bytes failed: Only part of a ReadProcessMemory or WriteProcessMemory request was completed. (0x12B)
[0405/155235.033:WARNING:pe_image_reader.cc(340)] could not read dos header from C:\WINDOWS\System32\shcore.dll
[0405/155235.033:ERROR:process_memory_win.cc(73)] ReadMemory at 0x7fff7beb0000 of 64 bytes failed: Only part of a ReadProcessMemory or WriteProcessMemory request was completed. (0x12B)
[0405/155235.033:WARNING:pe_image_reader.cc(340)] could not read dos header from C:\WINDOWS\SYSTEM32\SSPICLI.DLL
[0405/155235.033:ERROR:process_memory_win.cc(73)] ReadMemory at 0x7fff7b9d0000 of 64 bytes failed: Only part of a ReadProcessMemory or WriteProcessMemory request was completed. (0x12B)
[0405/155235.033:WARNING:pe_image_reader.cc(340)] could not read dos header from C:\WINDOWS\SYSTEM32\CRYPTBASE.DLL
[0405/155235.047:ERROR:process_memory_win.cc(73)] ReadMemory at 0x4ca0300000 of 1048576 bytes failed: Only part of a ReadProcessMemory or WriteProcessMemory request was completed. (0x12B)
[0405/155235.048:ERROR:process_memory_win.cc(73)] ReadMemory at 0x4c9ba0e000 of 852 bytes failed: Only part of a ReadProcessMemory or WriteProcessMemory request was completed. (0x12B)
[0405/155235.048:ERROR:process_memory_win.cc(73)] ReadMemory at 0x4c9ba2d000 of 6024 bytes failed: Only part of a ReadProcessMemory or WriteProcessMemory request was completed. (0x12B)
[0405/155235.048:ERROR:process_memory_win.cc(73)] ReadMemory at 0x16e8a680fe0 of 14462 bytes failed: Only part of a ReadProcessMemory or WriteProcessMemory request was completed. (0x12B)
[0405/155235.049:ERROR:process_memory_win.cc(73)] ReadMemory at 0x16e8a684870 of 1012 bytes failed: Only part of a ReadProcessMemory or WriteProcessMemory request was completed. (0x12B)
[0405/155235.049:ERROR:process_memory_win.cc(73)] ReadMemory at 0x16e8a684eb8 of 118 bytes failed: Only part of a ReadProcessMemory or WriteProcessMemory request was completed. (0x12B)
[0405/155235.049:ERROR:process_memory_win.cc(73)] ReadMemory at 0x16e8a684f30 of 1488 bytes failed: Only part of a ReadProcessMemory or WriteProcessMemory request was completed. (0x12B)
[0405/155235.049:ERROR:process_memory_win.cc(73)] ReadMemory at 0x16e8a685502 of 118 bytes failed: Only part of a ReadProcessMemory or WriteProcessMemory request was completed. (0x12B)
[0405/155235.049:ERROR:process_memory_win.cc(73)] ReadMemory at 0x16e8a68557a of 96 bytes failed: Only part of a ReadProcessMemory or WriteProcessMemory request was completed. (0x12B)
[0405/155235.049:ERROR:process_memory_win.cc(73)] ReadMemory at 0x16e8a6855f0 of 58 bytes failed: Only part of a ReadProcessMemory or WriteProcessMemory request was completed. (0x12B)
[0405/155235.049:ERROR:process_memory_win.cc(73)] ReadMemory at 0x16e8a6856f0 of 132 bytes failed: Only part of a ReadProcessMemory or WriteProcessMemory request was completed. (0x12B)
[0405/155235.049:ERROR:process_memory_win.cc(73)] ReadMemory at 0x16e8a685880 of 132 bytes failed: Only part of a ReadProcessMemory or WriteProcessMemory request was completed. (0x12B)
[0405/155235.049:ERROR:process_memory_win.cc(73)] ReadMemory at 0x16e8a685a40 of 126 bytes failed: Only part of a ReadProcessMemory or WriteProcessMemory request was completed. (0x12B)
[0405/155235.050:ERROR:process_memory_win.cc(73)] ReadMemory at 0x16e8a685e20 of 132 bytes failed: Only part of a ReadProcessMemory or WriteProcessMemory request was completed. (0x12B)
[0405/155235.050:ERROR:process_memory_win.cc(73)] ReadMemory at 0x16e8a685fb0 of 64 bytes failed: Only part of a ReadProcessMemory or WriteProcessMemory request was completed. (0x12B)
[0405/155235.050:ERROR:process_memory_win.cc(73)] ReadMemory at 0x16e8a686000 of 132 bytes failed: Only part of a ReadProcessMemory or WriteProcessMemory request was completed. (0x12B)
[0405/155235.050:ERROR:process_memory_win.cc(73)] ReadMemory at 0x16e8a686170 of 132 bytes failed: Only part of a ReadProcessMemory or WriteProcessMemory request was completed. (0x12B)
[0405/155235.050:ERROR:process_memory_win.cc(73)] ReadMemory at 0x16e8a686410 of 132 bytes failed: Only part of a ReadProcessMemory or WriteProcessMemory request was completed. (0x12B)
[0405/155235.050:ERROR:process_memory_win.cc(73)] ReadMemory at 0x16e8a6865a0 of 68 bytes failed: Only part of a ReadProcessMemory or WriteProcessMemory request was completed. (0x12B)
[0405/155235.050:ERROR:process_memory_win.cc(73)] ReadMemory at 0x16e8a6877e0 of 132 bytes failed: Only part of a ReadProcessMemory or WriteProcessMemory request was completed. (0x12B)
[0405/155235.051:ERROR:process_memory_win.cc(73)] ReadMemory at 0x16e8a687970 of 154 bytes failed: Only part of a ReadProcessMemory or WriteProcessMemory request was completed. (0x12B)
[0405/155235.051:ERROR:process_memory_win.cc(73)] ReadMemory at 0x16e8a68a500 of 62 bytes failed: Only part of a ReadProcessMemory or WriteProcessMemory request was completed. (0x12B)
[0405/155235.051:ERROR:process_memory_win.cc(73)] ReadMemory at 0x16e8a68a550 of 146 bytes failed: Only part of a ReadProcessMemory or WriteProcessMemory request was completed. (0x12B)
[0405/155235.051:ERROR:process_memory_win.cc(73)] ReadMemory at 0x16e8a68a630 of 132 bytes failed: Only part of a ReadProcessMemory or WriteProcessMemory request was completed. (0x12B)
[0405/155235.051:ERROR:process_memory_win.cc(73)] ReadMemory at 0x16e8a68a7c0 of 60 bytes failed: Only part of a ReadProcessMemory or WriteProcessMemory request was completed. (0x12B)
[0405/155235.051:ERROR:process_memory_win.cc(73)] ReadMemory at 0x16e8a68d170 of 132 bytes failed: Only part of a ReadProcessMemory or WriteProcessMemory request was completed. (0x12B)
[0405/155235.051:ERROR:process_memory_win.cc(73)] ReadMemory at 0x16e8a68d300 of 80 bytes failed: Only part of a ReadProcessMemory or WriteProcessMemory request was completed. (0x12B)
[0405/155235.051:ERROR:process_memory_win.cc(73)] ReadMemory at 0x16e8a68d510 of 66 bytes failed: Only part of a ReadProcessMemory or WriteProcessMemory request was completed. (0x12B)
[0405/155235.052:ERROR:process_memory_win.cc(73)] ReadMemory at 0x16e8a68d560 of 62 bytes failed: Only part of a ReadProcessMemory or WriteProcessMemory request was completed. (0x12B)
[0405/155235.052:ERROR:process_memory_win.cc(73)] ReadMemory at 0x16e8a68d5b0 of 62 bytes failed: Only part of a ReadProcessMemory or WriteProcessMemory request was completed. (0x12B)
[0405/155235.052:ERROR:process_memory_win.cc(73)] ReadMemory at 0x16e8a68d600 of 64 bytes failed: Only part of a ReadProcessMemory or WriteProcessMemory request was completed. (0x12B)
[0405/155235.052:ERROR:process_memory_win.cc(73)] ReadMemory at 0x16e8a68d6a0 of 64 bytes failed: Only part of a ReadProcessMemory or WriteProcessMemory request was completed. (0x12B)
[0405/155235.052:ERROR:process_memory_win.cc(73)] ReadMemory at 0x16e8a68d7e0 of 60 bytes failed: Only part of a ReadProcessMemory or WriteProcessMemory request was completed. (0x12B)
[0405/155235.052:ERROR:process_memory_win.cc(73)] ReadMemory at 0x16e8a68db00 of 60 bytes failed: Only part of a ReadProcessMemory or WriteProcessMemory request was completed. (0x12B)
[0405/155235.052:ERROR:process_memory_win.cc(73)] ReadMemory at 0x16e8a68db50 of 64 bytes failed: Only part of a ReadProcessMemory or WriteProcessMemory request was completed. (0x12B)
[0405/155235.052:ERROR:process_memory_win.cc(73)] ReadMemory at 0x16e8a68dba0 of 64 bytes failed: Only part of a ReadProcessMemory or WriteProcessMemory request was completed. (0x12B)
[0405/155235.052:ERROR:process_memory_win.cc(73)] ReadMemory at 0x16e8a68e080 of 132 bytes failed: Only part of a ReadProcessMemory or WriteProcessMemory request was completed. (0x12B)
[0405/155235.053:ERROR:process_memory_win.cc(73)] ReadMemory at 0x16e8a68e1b0 of 132 bytes failed: Only part of a ReadProcessMemory or WriteProcessMemory request was completed. (0x12B)
[0405/155235.053:ERROR:process_memory_win.cc(73)] ReadMemory at 0x16e8a68e2e0 of 132 bytes failed: Only part of a ReadProcessMemory or WriteProcessMemory request was completed. (0x12B)
[0405/155235.053:ERROR:process_memory_win.cc(73)] ReadMemory at 0x16e8a68e410 of 132 bytes failed: Only part of a ReadProcessMemory or WriteProcessMemory request was completed. (0x12B)
[0405/155235.053:ERROR:process_memory_win.cc(73)] ReadMemory at 0x16e8a68e540 of 132 bytes failed: Only part of a ReadProcessMemory or WriteProcessMemory request was completed. (0x12B)
[0405/155235.053:ERROR:process_memory_win.cc(73)] ReadMemory at 0x16e8a68e670 of 132 bytes failed: Only part of a ReadProcessMemory or WriteProcessMemory request was completed. (0x12B)
[0405/155235.053:ERROR:process_memory_win.cc(73)] ReadMemory at 0x16e8a68e7a0 of 132 bytes failed: Only part of a ReadProcessMemory or WriteProcessMemory request was completed. (0x12B)
[0405/155235.053:ERROR:process_memory_win.cc(73)] ReadMemory at 0x16e8a68e8d0 of 132 bytes failed: Only part of a ReadProcessMemory or WriteProcessMemory request was completed. (0x12B)
[0405/155235.053:ERROR:process_memory_win.cc(73)] ReadMemory at 0x16e8a68ea00 of 132 bytes failed: Only part of a ReadProcessMemory or WriteProcessMemory request was completed. (0x12B)
[0405/155235.053:ERROR:process_memory_win.cc(73)] ReadMemory at 0x16e8a68eb30 of 132 bytes failed: Only part of a ReadProcessMemory or WriteProcessMemory request was completed. (0x12B)
[0405/155235.054:ERROR:process_memory_win.cc(73)] ReadMemory at 0x16e8a68ec60 of 132 bytes failed: Only part of a ReadProcessMemory or WriteProcessMemory request was completed. (0x12B)
[0405/155235.054:ERROR:process_memory_win.cc(73)] ReadMemory at 0x16e8a68ed90 of 132 bytes failed: Only part of a ReadProcessMemory or WriteProcessMemory request was completed. (0x12B)
[0405/155235.054:ERROR:process_memory_win.cc(73)] ReadMemory at 0x16e8a68fc30 of 76 bytes failed: Only part of a ReadProcessMemory or WriteProcessMemory request was completed. (0x12B)
[0405/155235.054:ERROR:process_memory_win.cc(73)] ReadMemory at 0x16e8a68fe10 of 80 bytes failed: Only part of a ReadProcessMemory or WriteProcessMemory request was completed. (0x12B)
[0405/155235.054:ERROR:process_memory_win.cc(73)] ReadMemory at 0x16e8a6921f0 of 54 bytes failed: Only part of a ReadProcessMemory or WriteProcessMemory request was completed. (0x12B)
[0405/155235.054:ERROR:process_memory_win.cc(73)] ReadMemory at 0x16e8a692d70 of 132 bytes failed: Only part of a ReadProcessMemory or WriteProcessMemory request was completed. (0x12B)
[0405/155235.054:ERROR:process_memory_win.cc(73)] ReadMemory at 0x16e8a6934d0 of 132 bytes failed: Only part of a ReadProcessMemory or WriteProcessMemory request was completed. (0x12B)
[0405/155235.054:ERROR:process_memory_win.cc(73)] ReadMemory at 0x16e8a695cd0 of 132 bytes failed: Only part of a ReadProcessMemory or WriteProcessMemory request was completed. (0x12B)
[0405/155235.055:ERROR:process_memory_win.cc(73)] ReadMemory at 0x16e8a696220 of 132 bytes failed: Only part of a ReadProcessMemory or WriteProcessMemory request was completed. (0x12B)
[0405/155235.055:ERROR:process_memory_win.cc(73)] ReadMemory at 0x16e8a696350 of 132 bytes failed: Only part of a ReadProcessMemory or WriteProcessMemory request was completed. (0x12B)
[0405/155235.055:ERROR:process_memory_win.cc(73)] ReadMemory at 0x16e8a696570 of 132 bytes failed: Only part of a ReadProcessMemory or WriteProcessMemory request was completed. (0x12B)
[0405/155235.055:ERROR:process_memory_win.cc(73)] ReadMemory at 0x16e8a6968d0 of 132 bytes failed: Only part of a ReadProcessMemory or WriteProcessMemory request was completed. (0x12B)
[0405/155235.055:ERROR:process_memory_win.cc(73)] ReadMemory at 0x16e8a696ae0 of 132 bytes failed: Only part of a ReadProcessMemory or WriteProcessMemory request was completed. (0x12B)
[0405/155235.055:ERROR:process_memory_win.cc(73)] ReadMemory at 0x16e8a699110 of 62 bytes failed: Only part of a ReadProcessMemory or WriteProcessMemory request was completed. (0x12B)
[0405/155235.055:ERROR:process_memory_win.cc(73)] ReadMemory at 0x16e8a6994d0 of 62 bytes failed: Only part of a ReadProcessMemory or WriteProcessMemory request was completed. (0x12B)
[0405/155235.055:ERROR:process_memory_win.cc(73)] ReadMemory at 0x16e8a699520 of 64 bytes failed: Only part of a ReadProcessMemory or WriteProcessMemory request was completed. (0x12B)
[0405/155235.056:ERROR:process_memory_win.cc(73)] ReadMemory at 0x16e8a699570 of 62 bytes failed: Only part of a ReadProcessMemory or WriteProcessMemory request was completed. (0x12B)
[0405/155235.056:ERROR:process_memory_win.cc(73)] ReadMemory at 0x16e8a699610 of 60 bytes failed: Only part of a ReadProcessMemory or WriteProcessMemory request was completed. (0x12B)
[0405/155235.056:ERROR:process_memory_win.cc(73)] ReadMemory at 0x16e8a699660 of 62 bytes failed: Only part of a ReadProcessMemory or WriteProcessMemory request was completed. (0x12B)
[0405/155235.056:ERROR:process_memory_win.cc(73)] ReadMemory at 0x16e8a699750 of 58 bytes failed: Only part of a ReadProcessMemory or WriteProcessMemory request was completed. (0x12B)
[0405/155235.056:ERROR:process_memory_win.cc(73)] ReadMemory at 0x16e8a6997f0 of 62 bytes failed: Only part of a ReadProcessMemory or WriteProcessMemory request was completed. (0x12B)
[0405/155235.056:ERROR:process_memory_win.cc(73)] ReadMemory at 0x16e8a699840 of 60 bytes failed: Only part of a ReadProcessMemory or WriteProcessMemory request was completed. (0x12B)
[0405/155235.056:ERROR:process_memory_win.cc(73)] ReadMemory at 0x16e8a699890 of 66 bytes failed: Only part of a ReadProcessMemory or WriteProcessMemory request was completed. (0x12B)
[0405/155235.056:ERROR:process_memory_win.cc(73)] ReadMemory at 0x16e8a699980 of 64 bytes failed: Only part of a ReadProcessMemory or WriteProcessMemory request was completed. (0x12B)
[0405/155235.057:ERROR:process_memory_win.cc(73)] ReadMemory at 0x16e8a6999d0 of 60 bytes failed: Only part of a ReadProcessMemory or WriteProcessMemory request was completed. (0x12B)
[0405/155235.057:ERROR:process_memory_win.cc(73)] ReadMemory at 0x16e8a699b60 of 64 bytes failed: Only part of a ReadProcessMemory or WriteProcessMemory request was completed. (0x12B)
[0405/155235.057:ERROR:process_memory_win.cc(73)] ReadMemory at 0x16e8a699c50 of 62 bytes failed: Only part of a ReadProcessMemory or WriteProcessMemory request was completed. (0x12B)
[0405/155235.057:ERROR:process_memory_win.cc(73)] ReadMemory at 0x16e8a699ca0 of 64 bytes failed: Only part of a ReadProcessMemory or WriteProcessMemory request was completed. (0x12B)
[0405/155235.057:ERROR:process_memory_win.cc(73)] ReadMemory at 0x16e8a699e30 of 62 bytes failed: Only part of a ReadProcessMemory or WriteProcessMemory request was completed. (0x12B)
[0405/155235.057:ERROR:process_memory_win.cc(73)] ReadMemory at 0x16e8a699f70 of 62 bytes failed: Only part of a ReadProcessMemory or WriteProcessMemory request was completed. (0x12B)
[0405/155235.057:ERROR:process_memory_win.cc(73)] ReadMemory at 0x16e8a699fc0 of 60 bytes failed: Only part of a ReadProcessMemory or WriteProcessMemory request was completed. (0x12B)
[0405/155235.058:ERROR:process_memory_win.cc(73)] ReadMemory at 0x16e8a69acb0 of 132 bytes failed: Only part of a ReadProcessMemory or WriteProcessMemory request was completed. (0x12B)
[0405/155235.058:ERROR:process_memory_win.cc(73)] ReadMemory at 0x16e8a69b040 of 132 bytes failed: Only part of a ReadProcessMemory or WriteProcessMemory request was completed. (0x12B)
[0405/155235.058:ERROR:process_memory_win.cc(73)] ReadMemory at 0x16e8a69b2a0 of 132 bytes failed: Only part of a ReadProcessMemory or WriteProcessMemory request was completed. (0x12B)
[0405/155235.058:ERROR:process_memory_win.cc(73)] ReadMemory at 0x16e8a69b500 of 132 bytes failed: Only part of a ReadProcessMemory or WriteProcessMemory request was completed. (0x12B)
[0405/155235.058:ERROR:process_memory_win.cc(73)] ReadMemory at 0x16e8a69b630 of 132 bytes failed: Only part of a ReadProcessMemory or WriteProcessMemory request was completed. (0x12B)
[0405/155235.058:ERROR:process_memory_win.cc(73)] ReadMemory at 0x16e8a69b760 of 132 bytes failed: Only part of a ReadProcessMemory or WriteProcessMemory request was completed. (0x12B)
[0405/155235.059:ERROR:process_memory_win.cc(73)] ReadMemory at 0x16e8a69b890 of 132 bytes failed: Only part of a ReadProcessMemory or WriteProcessMemory request was completed. (0x12B)
[0405/155235.059:ERROR:process_memory_win.cc(73)] ReadMemory at 0x16e8a69b9c0 of 132 bytes failed: Only part of a ReadProcessMemory or WriteProcessMemory request was completed. (0x12B)
[0405/155235.059:ERROR:process_memory_win.cc(73)] ReadMemory at 0x16e8a69baf0 of 132 bytes failed: Only part of a ReadProcessMemory or WriteProcessMemory request was completed. (0x12B)
[0405/155235.059:ERROR:process_memory_win.cc(73)] ReadMemory at 0x16e8a69be80 of 132 bytes failed: Only part of a ReadProcessMemory or WriteProcessMemory request was completed. (0x12B)
[0405/155235.059:ERROR:process_memory_win.cc(73)] ReadMemory at 0x7fff278e0000 of 384 bytes failed: Only part of a ReadProcessMemory or WriteProcessMemory request was completed. (0x12B)
[0405/155235.059:ERROR:process_memory_win.cc(73)] ReadMemory at 0x7fff2800dff8 of 512 bytes failed: Only part of a ReadProcessMemory or WriteProcessMemory request was completed. (0x12B)
[0405/155235.060:ERROR:process_memory_win.cc(73)] ReadMemory at 0x7fff2db024c4 of 512 bytes failed: Only part of a ReadProcessMemory or WriteProcessMemory request was completed. (0x12B)
[0405/155235.060:ERROR:process_memory_win.cc(73)] ReadMemory at 0x7fff7c5ab6d0 of 512 bytes failed: Only part of a ReadProcessMemory or WriteProcessMemory request was completed. (0x12B)
[0405/155235.060:ERROR:process_memory_win.cc(73)] ReadMemory at 0x7fff7f14c510 of 512 bytes failed: Only part of a ReadProcessMemory or WriteProcessMemory request was completed. (0x12B)
[0405/155235.060:ERROR:process_memory_win.cc(73)] ReadMemory at 0x7fff7f15c6c4 of 512 bytes failed: Only part of a ReadProcessMemory or WriteProcessMemory request was completed. (0x12B)
[0405/155235.060:ERROR:process_memory_win.cc(73)] ReadMemory at 0x7fff7f1ec428 of 18 bytes failed: Only part of a ReadProcessMemory or WriteProcessMemory request was completed. (0x12B)
[0405/155235.060:ERROR:process_memory_win.cc(73)] ReadMemory at 0x7fff7f21f4f8 of 40 bytes failed: Only part of a ReadProcessMemory or WriteProcessMemory request was completed. (0x12B)
[0405/155235.060:ERROR:process_memory_win.cc(73)] ReadMemory at 0x7fff7f21f978 of 48 bytes failed: Only part of a ReadProcessMemory or WriteProcessMemory request was completed. (0x12B)
[0405/155235.061:ERROR:process_memory_win.cc(73)] ReadMemory at 0x7fff7f2253c0 of 64 bytes failed: Only part of a ReadProcessMemory or WriteProcessMemory request was completed. (0x12B)
[0405/155235.062:ERROR:scoped_process_suspend.cc(40)] NtResumeProcess: An attempt was made to access an exiting process. (0xc000010a)
[0405/155611.083:ERROR:process_memory_win.cc(73)] ReadMemory at 0x7ff7f7690000 of 64 bytes failed: Only part of a ReadProcessMemory or WriteProcessMemory request was completed. (0x12B)
[0405/155611.084:WARNING:pe_image_reader.cc(340)] could not read dos header from C:\Program Files (x86)\Google\Chrome\Application\chrome.exe
[0405/155611.084:ERROR:process_memory_win.cc(73)] ReadMemory at 0x1b600f738f0 of 72 bytes failed: Only part of a ReadProcessMemory or WriteProcessMemory request was completed. (0x12B)
[0405/155611.085:WARNING:pe_image_annotations_reader.cc(134)] could not read annotations list object in C:\Program Files (x86)\Google\Chrome\Application\80.0.3987.149\chrome_elf.dll
[0405/155611.085:ERROR:process_memory_win.cc(73)] ReadMemory at 0x7fff278e0000 of 64 bytes failed: Only part of a ReadProcessMemory or WriteProcessMemory request was completed. (0x12B)
[0405/155611.085:WARNING:pe_image_reader.cc(340)] could not read dos header from C:\Program Files (x86)\Google\Chrome\Application\80.0.3987.149\chrome.dll
[0405/155611.086:ERROR:process_memory_win.cc(73)] ReadMemory at 0x1b600f90000 of 64 bytes failed: Only part of a ReadProcessMemory or WriteProcessMemory request was completed. (0x12B)
[0405/155611.086:WARNING:pe_image_reader.cc(340)] could not read dos header from C:\WINDOWS\System32\NSI.dll
[0405/155611.087:ERROR:process_memory_win.cc(73)] ReadMemory at 0x7ff7f7690000 of 64 bytes failed: Only part of a ReadProcessMemory or WriteProcessMemory request was completed. (0x12B)
[0405/155611.087:WARNING:pe_image_reader.cc(340)] could not read dos header from C:\Program Files (x86)\Google\Chrome\Application\chrome.exe
[0405/155611.087:ERROR:process_memory_win.cc(73)] ReadMemory at 0x7fff54660000 of 64 bytes failed: Only part of a ReadProcessMemory or WriteProcessMemory request was completed. (0x12B)
[0405/155611.087:WARNING:pe_image_reader.cc(340)] could not read dos header from C:\Program Files (x86)\Google\Chrome\Application\80.0.3987.149\chrome_elf.dll
[0405/155611.087:ERROR:process_memory_win.cc(73)] ReadMemory at 0x7fff71d70000 of 64 bytes failed: Only part of a ReadProcessMemory or WriteProcessMemory request was completed. (0x12B)
[0405/155611.087:WARNING:pe_image_reader.cc(340)] could not read dos header from C:\WINDOWS\SYSTEM32\VERSION.dll
[0405/155611.088:ERROR:process_memory_win.cc(73)] ReadMemory at 0x7fff278e0000 of 64 bytes failed: Only part of a ReadProcessMemory or WriteProcessMemory request was completed. (0x12B)
[0405/155611.088:WARNING:pe_image_reader.cc(340)] could not read dos header from C:\Program Files (x86)\Google\Chrome\Application\80.0.3987.149\chrome.dll
[0405/155611.088:ERROR:process_memory_win.cc(73)] ReadMemory at 0x7fff7c2a0000 of 64 bytes failed: Only part of a ReadProcessMemory or WriteProcessMemory request was completed. (0x12B)
[0405/155611.088:WARNING:pe_image_reader.cc(340)] could not read dos header from C:\WINDOWS\System32\msvcp_win.dll
[0405/155611.088:ERROR:process_memory_win.cc(73)] ReadMemory at 0x7fff7c050000 of 64 bytes failed: Only part of a ReadProcessMemory or WriteProcessMemory request was completed. (0x12B)
[0405/155611.088:WARNING:pe_image_reader.cc(340)] could not read dos header from C:\WINDOWS\System32\ucrtbase.dll
[0405/155611.089:ERROR:process_memory_win.cc(73)] ReadMemory at 0x7fff7c170000 of 64 bytes failed: Only part of a ReadProcessMemory or WriteProcessMemory request was completed. (0x12B)
[0405/155611.089:WARNING:pe_image_reader.cc(340)] could not read dos header from C:\WINDOWS\System32\WINTRUST.dll
[0405/155611.089:ERROR:process_memory_win.cc(73)] ReadMemory at 0x7fff7bfc0000 of 64 bytes failed: Only part of a ReadProcessMemory or WriteProcessMemory request was completed. (0x12B)
[0405/155611.089:WARNING:pe_image_reader.cc(340)] could not read dos header from C:\WINDOWS\System32\MSASN1.dll
[0405/155611.089:ERROR:process_memory_win.cc(73)] ReadMemory at 0x7fff7cf40000 of 64 bytes failed: Only part of a ReadProcessMemory or WriteProcessMemory request was completed. (0x12B)
[0405/155611.089:WARNING:pe_image_reader.cc(340)] could not read dos header from C:\WINDOWS\System32\CRYPT32.dll
[0405/155611.089:ERROR:process_memory_win.cc(73)] ReadMemory at 0x7fff7b510000 of 64 bytes failed: Only part of a ReadProcessMemory or WriteProcessMemory request was completed. (0x12B)
[0405/155611.089:WARNING:pe_image_reader.cc(340)] could not read dos header from C:\WINDOWS\SYSTEM32\IPHLPAPI.DLL
[0405/155611.089:ERROR:process_memory_win.cc(73)] ReadMemory at 0x7fff72e10000 of 64 bytes failed: Only part of a ReadProcessMemory or WriteProcessMemory request was completed. (0x12B)
[0405/155611.089:WARNING:pe_image_reader.cc(340)] could not read dos header from C:\WINDOWS\SYSTEM32\WINMM.dll
[0405/155611.089:ERROR:process_memory_win.cc(73)] ReadMemory at 0x7fff678b0000 of 64 bytes failed: Only part of a ReadProcessMemory or WriteProcessMemory request was completed. (0x12B)
[0405/155611.090:WARNING:pe_image_reader.cc(340)] could not read dos header from C:\WINDOWS\SYSTEM32\Secur32.dll
[0405/155611.090:ERROR:process_memory_win.cc(73)] ReadMemory at 0x7fff7be80000 of 64 bytes failed: Only part of a ReadProcessMemory or WriteProcessMemory request was completed. (0x12B)
[0405/155611.090:WARNING:pe_image_reader.cc(340)] could not read dos header from C:\WINDOWS\SYSTEM32\USERENV.dll
[0405/155611.090:ERROR:process_memory_win.cc(73)] ReadMemory at 0x7fff7bfe0000 of 64 bytes failed: Only part of a ReadProcessMemory or WriteProcessMemory request was completed. (0x12B)
[0405/155611.090:WARNING:pe_image_reader.cc(340)] could not read dos header from C:\WINDOWS\System32\profapi.dll
[0405/155611.090:ERROR:process_memory_win.cc(73)] ReadMemory at 0x7fff4c490000 of 64 bytes failed: Only part of a ReadProcessMemory or WriteProcessMemory request was completed. (0x12B)
[0405/155611.090:WARNING:pe_image_reader.cc(340)] could not read dos header from C:\WINDOWS\SYSTEM32\UIAutomationCore.DLL
[0405/155611.090:ERROR:process_memory_win.cc(73)] ReadMemory at 0x7fff52760000 of 64 bytes failed: Only part of a ReadProcessMemory or WriteProcessMemory request was completed. (0x12B)
[0405/155611.090:WARNING:pe_image_reader.cc(340)] could not read dos header from C:\WINDOWS\SYSTEM32\DWrite.dll
[0405/155611.091:ERROR:process_memory_win.cc(73)] ReadMemory at 0x7fff68130000 of 64 bytes failed: Only part of a ReadProcessMemory or WriteProcessMemory request was completed. (0x12B)
[0405/155611.091:WARNING:pe_image_reader.cc(340)] could not read dos header from C:\WINDOWS\SYSTEM32\WINSPOOL.DRV
[0405/155611.091:ERROR:process_memory_win.cc(73)] ReadMemory at 0x7fff7bfa0000 of 64 bytes failed: Only part of a ReadProcessMemory or WriteProcessMemory request was completed. (0x12B)
[0405/155611.091:WARNING:pe_image_reader.cc(340)] could not read dos header from C:\WINDOWS\System32\kernel.appcore.dll
[0405/155611.091:ERROR:process_memory_win.cc(73)] ReadMemory at 0x7fff7d090000 of 64 bytes failed: Only part of a ReadProcessMemory or WriteProcessMemory request was completed. (0x12B)
[0405/155611.091:WARNING:pe_image_reader.cc(340)] could not read dos header from C:\WINDOWS\System32\bcrypt.dll
[0405/155611.091:ERROR:process_memory_win.cc(73)] ReadMemory at 0x7fff72be0000 of 64 bytes failed: Only part of a ReadProcessMemory or WriteProcessMemory request was completed. (0x12B)
[0405/155611.091:WARNING:pe_image_reader.cc(340)] could not read dos header from C:\WINDOWS\SYSTEM32\dbghelp.dll
[0405/155611.092:ERROR:process_memory_win.cc(73)] ReadMemory at 0x7fff7a1e0000 of 64 bytes failed: Only part of a ReadProcessMemory or WriteProcessMemory request was completed. (0x12B)
[0405/155611.092:WARNING:pe_image_reader.cc(340)] could not read dos header from C:\WINDOWS\SYSTEM32\WINHTTP.dll
[0405/155611.092:ERROR:process_memory_win.cc(73)] ReadMemory at 0x7fff712b0000 of 64 bytes failed: Only part of a ReadProcessMemory or WriteProcessMemory request was completed. (0x12B)
[0405/155611.092:WARNING:pe_image_reader.cc(340)] could not read dos header from C:\WINDOWS\SYSTEM32\dhcpcsvc.DLL
[0405/155611.092:ERROR:process_memory_win.cc(73)] ReadMemory at 0x1b600f90000 of 64 bytes failed: Only part of a ReadProcessMemory or WriteProcessMemory request was completed. (0x12B)
[0405/155611.092:WARNING:pe_image_reader.cc(340)] could not read dos header from C:\WINDOWS\System32\NSI.dll
[0405/155611.092:ERROR:process_memory_win.cc(73)] ReadMemory at 0x7fff72de0000 of 64 bytes failed: Only part of a ReadProcessMemory or WriteProcessMemory request was completed. (0x12B)
[0405/155611.093:WARNING:pe_image_reader.cc(340)] could not read dos header from C:\WINDOWS\SYSTEM32\WINMMBASE.dll
[0405/155611.093:ERROR:process_memory_win.cc(73)] ReadMemory at 0x7fff7c250000 of 64 bytes failed: Only part of a ReadProcessMemory or WriteProcessMemory request was completed. (0x12B)
[0405/155611.093:WARNING:pe_image_reader.cc(340)] could not read dos header from C:\WINDOWS\System32\cfgmgr32.dll
[0405/155611.093:ERROR:process_memory_win.cc(73)] ReadMemory at 0x7fff780e0000 of 64 bytes failed: Only part of a ReadProcessMemory or WriteProcessMemory request was completed. (0x12B)
[0405/155611.093:WARNING:pe_image_reader.cc(340)] could not read dos header from C:\WINDOWS\SYSTEM32\PROPSYS.dll
[0405/155611.093:ERROR:process_memory_win.cc(73)] ReadMemory at 0x7fff7dd70000 of 64 bytes failed: Only part of a ReadProcessMemory or WriteProcessMemory request was completed. (0x12B)
[0405/155611.094:WARNING:pe_image_reader.cc(340)] could not read dos header from C:\WINDOWS\System32\shcore.dll
[0405/155611.094:ERROR:process_memory_win.cc(73)] ReadMemory at 0x7fff7beb0000 of 64 bytes failed: Only part of a ReadProcessMemory or WriteProcessMemory request was completed. (0x12B)
[0405/155611.094:WARNING:pe_image_reader.cc(340)] could not read dos header from C:\WINDOWS\SYSTEM32\SSPICLI.DLL
[0405/155611.094:ERROR:process_memory_win.cc(73)] ReadMemory at 0x7fff7b9d0000 of 64 bytes failed: Only part of a ReadProcessMemory or WriteProcessMemory request was completed. (0x12B)
[0405/155611.094:WARNING:pe_image_reader.cc(340)] could not read dos header from C:\WINDOWS\SYSTEM32\CRYPTBASE.DLL
[0405/155611.110:ERROR:process_memory_win.cc(73)] ReadMemory at 0x5b25b00000 of 1048576 bytes failed: Only part of a ReadProcessMemory or WriteProcessMemory request was completed. (0x12B)
[0405/155611.113:ERROR:process_memory_win.cc(73)] ReadMemory at 0x5b2127c000 of 852 bytes failed: Only part of a ReadProcessMemory or WriteProcessMemory request was completed. (0x12B)
[0405/155611.113:ERROR:process_memory_win.cc(73)] ReadMemory at 0x5b2129b000 of 6024 bytes failed: Only part of a ReadProcessMemory or WriteProcessMemory request was completed. (0x12B)
[0405/155611.113:ERROR:process_memory_win.cc(73)] ReadMemory at 0x1b600ff0fe0 of 14462 bytes failed: Only part of a ReadProcessMemory or WriteProcessMemory request was completed. (0x12B)
[0405/155611.114:ERROR:process_memory_win.cc(73)] ReadMemory at 0x1b600ff4870 of 1012 bytes failed: Only part of a ReadProcessMemory or WriteProcessMemory request was completed. (0x12B)
[0405/155611.114:ERROR:process_memory_win.cc(73)] ReadMemory at 0x1b600ff4eb8 of 118 bytes failed: Only part of a ReadProcessMemory or WriteProcessMemory request was completed. (0x12B)
[0405/155611.114:ERROR:process_memory_win.cc(73)] ReadMemory at 0x1b600ff4f30 of 1492 bytes failed: Only part of a ReadProcessMemory or WriteProcessMemory request was completed. (0x12B)
[0405/155611.114:ERROR:process_memory_win.cc(73)] ReadMemory at 0x1b600ff5506 of 118 bytes failed: Only part of a ReadProcessMemory or WriteProcessMemory request was completed. (0x12B)
[0405/155611.114:ERROR:process_memory_win.cc(73)] ReadMemory at 0x1b600ff557e of 96 bytes failed: Only part of a ReadProcessMemory or WriteProcessMemory request was completed. (0x12B)
[0405/155611.115:ERROR:process_memory_win.cc(73)] ReadMemory at 0x1b600ff55f0 of 58 bytes failed: Only part of a ReadProcessMemory or WriteProcessMemory request was completed. (0x12B)
[0405/155611.115:ERROR:process_memory_win.cc(73)] ReadMemory at 0x1b600ff56f0 of 132 bytes failed: Only part of a ReadProcessMemory or WriteProcessMemory request was completed. (0x12B)
[0405/155611.115:ERROR:process_memory_win.cc(73)] ReadMemory at 0x1b600ff5880 of 132 bytes failed: Only part of a ReadProcessMemory or WriteProcessMemory request was completed. (0x12B)
[0405/155611.115:ERROR:process_memory_win.cc(73)] ReadMemory at 0x1b600ff5a40 of 126 bytes failed: Only part of a ReadProcessMemory or WriteProcessMemory request was completed. (0x12B)
[0405/155611.115:ERROR:process_memory_win.cc(73)] ReadMemory at 0x1b600ff5e20 of 132 bytes failed: Only part of a ReadProcessMemory or WriteProcessMemory request was completed. (0x12B)
[0405/155611.115:ERROR:process_memory_win.cc(73)] ReadMemory at 0x1b600ff5fb0 of 64 bytes failed: Only part of a ReadProcessMemory or WriteProcessMemory request was completed. (0x12B)
[0405/155611.116:ERROR:process_memory_win.cc(73)] ReadMemory at 0x1b600ff6000 of 132 bytes failed: Only part of a ReadProcessMemory or WriteProcessMemory request was completed. (0x12B)
[0405/155611.116:ERROR:process_memory_win.cc(73)] ReadMemory at 0x1b600ff6170 of 132 bytes failed: Only part of a ReadProcessMemory or WriteProcessMemory request was completed. (0x12B)
[0405/155611.116:ERROR:process_memory_win.cc(73)] ReadMemory at 0x1b600ff6410 of 132 bytes failed: Only part of a ReadProcessMemory or WriteProcessMemory request was completed. (0x12B)
[0405/155611.116:ERROR:process_memory_win.cc(73)] ReadMemory at 0x1b600ff65a0 of 68 bytes failed: Only part of a ReadProcessMemory or WriteProcessMemory request was completed. (0x12B)
[0405/155611.116:ERROR:process_memory_win.cc(73)] ReadMemory at 0x1b600ff77e0 of 132 bytes failed: Only part of a ReadProcessMemory or WriteProcessMemory request was completed. (0x12B)
[0405/155611.117:ERROR:process_memory_win.cc(73)] ReadMemory at 0x1b600ff7970 of 154 bytes failed: Only part of a ReadProcessMemory or WriteProcessMemory request was completed. (0x12B)
[0405/155611.117:ERROR:process_memory_win.cc(73)] ReadMemory at 0x1b600ffa500 of 62 bytes failed: Only part of a ReadProcessMemory or WriteProcessMemory request was completed. (0x12B)
[0405/155611.117:ERROR:process_memory_win.cc(73)] ReadMemory at 0x1b600ffa550 of 146 bytes failed: Only part of a ReadProcessMemory or WriteProcessMemory request was completed. (0x12B)
[0405/155611.117:ERROR:process_memory_win.cc(73)] ReadMemory at 0x1b600ffa630 of 132 bytes failed: Only part of a ReadProcessMemory or WriteProcessMemory request was completed. (0x12B)
[0405/155611.117:ERROR:process_memory_win.cc(73)] ReadMemory at 0x1b600ffa7c0 of 60 bytes failed: Only part of a ReadProcessMemory or WriteProcessMemory request was completed. (0x12B)
[0405/155611.118:ERROR:process_memory_win.cc(73)] ReadMemory at 0x1b600ffd170 of 132 bytes failed: Only part of a ReadProcessMemory or WriteProcessMemory request was completed. (0x12B)
[0405/155611.118:ERROR:process_memory_win.cc(73)] ReadMemory at 0x1b600ffd300 of 80 bytes failed: Only part of a ReadProcessMemory or WriteProcessMemory request was completed. (0x12B)
[0405/155611.118:ERROR:process_memory_win.cc(73)] ReadMemory at 0x1b600ffd470 of 62 bytes failed: Only part of a ReadProcessMemory or WriteProcessMemory request was completed. (0x12B)
[0405/155611.118:ERROR:process_memory_win.cc(73)] ReadMemory at 0x1b600ffd5b0 of 64 bytes failed: Only part of a ReadProcessMemory or WriteProcessMemory request was completed. (0x12B)
[0405/155611.118:ERROR:process_memory_win.cc(73)] ReadMemory at 0x1b600ffd600 of 66 bytes failed: Only part of a ReadProcessMemory or WriteProcessMemory request was completed. (0x12B)
[0405/155611.119:ERROR:process_memory_win.cc(73)] ReadMemory at 0x1b600ffd6a0 of 64 bytes failed: Only part of a ReadProcessMemory or WriteProcessMemory request was completed. (0x12B)
[0405/155611.119:ERROR:process_memory_win.cc(73)] ReadMemory at 0x1b600ffd790 of 60 bytes failed: Only part of a ReadProcessMemory or WriteProcessMemory request was completed. (0x12B)
[0405/155611.119:ERROR:process_memory_win.cc(73)] ReadMemory at 0x1b600ffd920 of 64 bytes failed: Only part of a ReadProcessMemory or WriteProcessMemory request was completed. (0x12B)
[0405/155611.119:ERROR:process_memory_win.cc(73)] ReadMemory at 0x1b600ffda60 of 60 bytes failed: Only part of a ReadProcessMemory or WriteProcessMemory request was completed. (0x12B)
[0405/155611.119:ERROR:process_memory_win.cc(73)] ReadMemory at 0x1b600ffdab0 of 64 bytes failed: Only part of a ReadProcessMemory or WriteProcessMemory request was completed. (0x12B)
[0405/155611.119:ERROR:process_memory_win.cc(73)] ReadMemory at 0x1b600ffdba0 of 62 bytes failed: Only part of a ReadProcessMemory or WriteProcessMemory request was completed. (0x12B)
[0405/155611.120:ERROR:process_memory_win.cc(73)] ReadMemory at 0x1b600ffe080 of 132 bytes failed: Only part of a ReadProcessMemory or WriteProcessMemory request was completed. (0x12B)
[0405/155611.120:ERROR:process_memory_win.cc(73)] ReadMemory at 0x1b600ffe1b0 of 132 bytes failed: Only part of a ReadProcessMemory or WriteProcessMemory request was completed. (0x12B)
[0405/155611.120:ERROR:process_memory_win.cc(73)] ReadMemory at 0x1b600ffe2e0 of 132 bytes failed: Only part of a ReadProcessMemory or WriteProcessMemory request was completed. (0x12B)
[0405/155611.120:ERROR:process_memory_win.cc(73)] ReadMemory at 0x1b600ffe410 of 132 bytes failed: Only part of a ReadProcessMemory or WriteProcessMemory request was completed. (0x12B)
[0405/155611.120:ERROR:process_memory_win.cc(73)] ReadMemory at 0x1b600ffe540 of 132 bytes failed: Only part of a ReadProcessMemory or WriteProcessMemory request was completed. (0x12B)
[0405/155611.121:ERROR:process_memory_win.cc(73)] ReadMemory at 0x1b600ffe670 of 132 bytes failed: Only part of a ReadProcessMemory or WriteProcessMemory request was completed. (0x12B)
[0405/155611.121:ERROR:process_memory_win.cc(73)] ReadMemory at 0x1b600ffe7a0 of 132 bytes failed: Only part of a ReadProcessMemory or WriteProcessMemory request was completed. (0x12B)
[0405/155611.121:ERROR:process_memory_win.cc(73)] ReadMemory at 0x1b600ffe8d0 of 132 bytes failed: Only part of a ReadProcessMemory or WriteProcessMemory request was completed. (0x12B)
[0405/155611.121:ERROR:process_memory_win.cc(73)] ReadMemory at 0x1b600ffea00 of 132 bytes failed: Only part of a ReadProcessMemory or WriteProcessMemory request was completed. (0x12B)
[0405/155611.121:ERROR:process_memory_win.cc(73)] ReadMemory at 0x1b600ffec60 of 132 bytes failed: Only part of a ReadProcessMemory or WriteProcessMemory request was completed. (0x12B)
[0405/155611.121:ERROR:process_memory_win.cc(73)] ReadMemory at 0x1b600ffed90 of 132 bytes failed: Only part of a ReadProcessMemory or WriteProcessMemory request was completed. (0x12B)
[0405/155611.122:ERROR:process_memory_win.cc(73)] ReadMemory at 0x1b600ffeec0 of 132 bytes failed: Only part of a ReadProcessMemory or WriteProcessMemory request was completed. (0x12B)
[0405/155611.122:ERROR:process_memory_win.cc(73)] ReadMemory at 0x1b600fff270 of 80 bytes failed: Only part of a ReadProcessMemory or WriteProcessMemory request was completed. (0x12B)
[0405/155611.122:ERROR:process_memory_win.cc(73)] ReadMemory at 0x1b600fffdb0 of 76 bytes failed: Only part of a ReadProcessMemory or WriteProcessMemory request was completed. (0x12B)
[0405/155611.122:ERROR:process_memory_win.cc(73)] ReadMemory at 0x1b601002cf0 of 54 bytes failed: Only part of a ReadProcessMemory or WriteProcessMemory request was completed. (0x12B)
[0405/155611.122:ERROR:process_memory_win.cc(73)] ReadMemory at 0x1b601002d70 of 132 bytes failed: Only part of a ReadProcessMemory or WriteProcessMemory request was completed. (0x12B)
[0405/155611.122:ERROR:process_memory_win.cc(73)] ReadMemory at 0x1b6010034d0 of 132 bytes failed: Only part of a ReadProcessMemory or WriteProcessMemory request was completed. (0x12B)
[0405/155611.123:ERROR:process_memory_win.cc(73)] ReadMemory at 0x1b601005cd0 of 132 bytes failed: Only part of a ReadProcessMemory or WriteProcessMemory request was completed. (0x12B)
[0405/155611.123:ERROR:process_memory_win.cc(73)] ReadMemory at 0x1b601006220 of 132 bytes failed: Only part of a ReadProcessMemory or WriteProcessMemory request was completed. (0x12B)
[0405/155611.123:ERROR:process_memory_win.cc(73)] ReadMemory at 0x1b601006350 of 132 bytes failed: Only part of a ReadProcessMemory or WriteProcessMemory request was completed. (0x12B)
[0405/155611.123:ERROR:process_memory_win.cc(73)] ReadMemory at 0x1b601006570 of 132 bytes failed: Only part of a ReadProcessMemory or WriteProcessMemory request was completed. (0x12B)
[0405/155611.123:ERROR:process_memory_win.cc(73)] ReadMemory at 0x1b6010068d0 of 132 bytes failed: Only part of a ReadProcessMemory or WriteProcessMemory request was completed. (0x12B)
[0405/155611.123:ERROR:process_memory_win.cc(73)] ReadMemory at 0x1b601006ae0 of 132 bytes failed: Only part of a ReadProcessMemory or WriteProcessMemory request was completed. (0x12B)
[0405/155611.124:ERROR:process_memory_win.cc(73)] ReadMemory at 0x1b601009160 of 62 bytes failed: Only part of a ReadProcessMemory or WriteProcessMemory request was completed. (0x12B)
[0405/155611.124:ERROR:process_memory_win.cc(73)] ReadMemory at 0x1b6010092f0 of 60 bytes failed: Only part of a ReadProcessMemory or WriteProcessMemory request was completed. (0x12B)
[0405/155611.124:ERROR:process_memory_win.cc(73)] ReadMemory at 0x1b601009480 of 66 bytes failed: Only part of a ReadProcessMemory or WriteProcessMemory request was completed. (0x12B)
[0405/155611.124:ERROR:process_memory_win.cc(73)] ReadMemory at 0x1b6010095c0 of 62 bytes failed: Only part of a ReadProcessMemory or WriteProcessMemory request was completed. (0x12B)
[0405/155611.124:ERROR:process_memory_win.cc(73)] ReadMemory at 0x1b601009660 of 64 bytes failed: Only part of a ReadProcessMemory or WriteProcessMemory request was completed. (0x12B)
[0405/155611.125:ERROR:process_memory_win.cc(73)] ReadMemory at 0x1b601009700 of 64 bytes failed: Only part of a ReadProcessMemory or WriteProcessMemory request was completed. (0x12B)
[0405/155611.125:ERROR:process_memory_win.cc(73)] ReadMemory at 0x1b6010097a0 of 60 bytes failed: Only part of a ReadProcessMemory or WriteProcessMemory request was completed. (0x12B)
[0405/155611.125:ERROR:process_memory_win.cc(73)] ReadMemory at 0x1b6010097f0 of 60 bytes failed: Only part of a ReadProcessMemory or WriteProcessMemory request was completed. (0x12B)
[0405/155611.125:ERROR:process_memory_win.cc(73)] ReadMemory at 0x1b601009890 of 62 bytes failed: Only part of a ReadProcessMemory or WriteProcessMemory request was completed. (0x12B)
[0405/155611.125:ERROR:process_memory_win.cc(73)] ReadMemory at 0x1b601009930 of 60 bytes failed: Only part of a ReadProcessMemory or WriteProcessMemory request was completed. (0x12B)
[0405/155611.125:ERROR:process_memory_win.cc(73)] ReadMemory at 0x1b601009ac0 of 62 bytes failed: Only part of a ReadProcessMemory or WriteProcessMemory request was completed. (0x12B)
[0405/155611.126:ERROR:process_memory_win.cc(73)] ReadMemory at 0x1b601009b10 of 64 bytes failed: Only part of a ReadProcessMemory or WriteProcessMemory request was completed. (0x12B)
[0405/155611.126:ERROR:process_memory_win.cc(73)] ReadMemory at 0x1b601009c50 of 62 bytes failed: Only part of a ReadProcessMemory or WriteProcessMemory request was completed. (0x12B)
[0405/155611.126:ERROR:process_memory_win.cc(73)] ReadMemory at 0x1b601009d40 of 62 bytes failed: Only part of a ReadProcessMemory or WriteProcessMemory request was completed. (0x12B)
[0405/155611.126:ERROR:process_memory_win.cc(73)] ReadMemory at 0x1b601009de0 of 62 bytes failed: Only part of a ReadProcessMemory or WriteProcessMemory request was completed. (0x12B)
[0405/155611.126:ERROR:process_memory_win.cc(73)] ReadMemory at 0x1b601009e80 of 58 bytes failed: Only part of a ReadProcessMemory or WriteProcessMemory request was completed. (0x12B)
[0405/155611.126:ERROR:process_memory_win.cc(73)] ReadMemory at 0x1b601009f20 of 62 bytes failed: Only part of a ReadProcessMemory or WriteProcessMemory request was completed. (0x12B)
[0405/155611.127:ERROR:process_memory_win.cc(73)] ReadMemory at 0x1b60100a010 of 64 bytes failed: Only part of a ReadProcessMemory or WriteProcessMemory request was completed. (0x12B)
[0405/155611.127:ERROR:process_memory_win.cc(73)] ReadMemory at 0x1b60100acb0 of 132 bytes failed: Only part of a ReadProcessMemory or WriteProcessMemory request was completed. (0x12B)
[0405/155611.127:ERROR:process_memory_win.cc(73)] ReadMemory at 0x1b60100b040 of 132 bytes failed: Only part of a ReadProcessMemory or WriteProcessMemory request was completed. (0x12B)
[0405/155611.127:ERROR:process_memory_win.cc(73)] ReadMemory at 0x1b60100b3d0 of 132 bytes failed: Only part of a ReadProcessMemory or WriteProcessMemory request was completed. (0x12B)
[0405/155611.127:ERROR:process_memory_win.cc(73)] ReadMemory at 0x1b60100b500 of 132 bytes failed: Only part of a ReadProcessMemory or WriteProcessMemory request was completed. (0x12B)
[0405/155611.128:ERROR:process_memory_win.cc(73)] ReadMemory at 0x1b60100b760 of 132 bytes failed: Only part of a ReadProcessMemory or WriteProcessMemory request was completed. (0x12B)
[0405/155611.128:ERROR:process_memory_win.cc(73)] ReadMemory at 0x1b60100b890 of 132 bytes failed: Only part of a ReadProcessMemory or WriteProcessMemory request was completed. (0x12B)
[0405/155611.128:ERROR:process_memory_win.cc(73)] ReadMemory at 0x1b60100b9c0 of 132 bytes failed: Only part of a ReadProcessMemory or WriteProcessMemory request was completed. (0x12B)
[0405/155611.129:ERROR:process_memory_win.cc(73)] ReadMemory at 0x1b60100baf0 of 132 bytes failed: Only part of a ReadProcessMemory or WriteProcessMemory request was completed. (0x12B)
[0405/155611.129:ERROR:process_memory_win.cc(73)] ReadMemory at 0x1b60100bc20 of 132 bytes failed: Only part of a ReadProcessMemory or WriteProcessMemory request was completed. (0x12B)
[0405/155611.129:ERROR:process_memory_win.cc(73)] ReadMemory at 0x1b60100be80 of 132 bytes failed: Only part of a ReadProcessMemory or WriteProcessMemory request was completed. (0x12B)
[0405/155611.129:ERROR:process_memory_win.cc(73)] ReadMemory at 0x7fff278e0000 of 384 bytes failed: Only part of a ReadProcessMemory or WriteProcessMemory request was completed. (0x12B)
[0405/155611.129:ERROR:process_memory_win.cc(73)] ReadMemory at 0x7fff2800dff8 of 512 bytes failed: Only part of a ReadProcessMemory or WriteProcessMemory request was completed. (0x12B)
[0405/155611.130:ERROR:process_memory_win.cc(73)] ReadMemory at 0x7fff2db024c4 of 512 bytes failed: Only part of a ReadProcessMemory or WriteProcessMemory request was completed. (0x12B)
[0405/155611.130:ERROR:process_memory_win.cc(73)] ReadMemory at 0x7fff7c5ab6d0 of 512 bytes failed: Only part of a ReadProcessMemory or WriteProcessMemory request was completed. (0x12B)
[0405/155611.130:ERROR:process_memory_win.cc(73)] ReadMemory at 0x7fff7f14c510 of 512 bytes failed: Only part of a ReadProcessMemory or WriteProcessMemory request was completed. (0x12B)
[0405/155611.130:ERROR:process_memory_win.cc(73)] ReadMemory at 0x7fff7f15c6c4 of 512 bytes failed: Only part of a ReadProcessMemory or WriteProcessMemory request was completed. (0x12B)
[0405/155611.130:ERROR:process_memory_win.cc(73)] ReadMemory at 0x7fff7f1ec428 of 18 bytes failed: Only part of a ReadProcessMemory or WriteProcessMemory request was completed. (0x12B)
[0405/155611.131:ERROR:process_memory_win.cc(73)] ReadMemory at 0x7fff7f21f4f8 of 40 bytes failed: Only part of a ReadProcessMemory or WriteProcessMemory request was completed. (0x12B)
[0405/155611.131:ERROR:process_memory_win.cc(73)] ReadMemory at 0x7fff7f21f978 of 48 bytes failed: Only part of a ReadProcessMemory or WriteProcessMemory request was completed. (0x12B)
[0405/155611.131:ERROR:process_memory_win.cc(73)] ReadMemory at 0x7fff7f2253c0 of 64 bytes failed: Only part of a ReadProcessMemory or WriteProcessMemory request was completed. (0x12B)
[0405/155611.133:ERROR:scoped_process_suspend.cc(40)] NtResumeProcess: An attempt was made to access an exiting process. (0xc000010a)
